C51 COMPILER V9.54   MAIN                                                                  03/24/2024 13:35:00 PAGE 1   


C51 COMPILER V9.54, COMPILATION OF MODULE MAIN
OBJECT MODULE PLACED IN .\Objects\main.obj
COMPILER INVOKED BY: C:\Keil_v5\C51\BIN\C51.EXE main.c OPTIMIZE(8,SPEED) BROWSE DEBUG OBJECTEXTEND PRINT(.\Listings\main
                    -.lst) TABS(2) OBJECT(.\Objects\main.obj)

line level    source

   1          #include <REGX52.H>
   2          #include <INTRINS.H>
   3          
   4          void Delayms(unsigned int value)    //@11.0592MHz
   5          {
   6   1        unsigned char i, j;
   7   1        unsigned int k;
   8   1        while(value){
   9   2          i = 11;
  10   2          j = 190;
  11   2          do
  12   2          {
  13   3            while (--j);
  14   3          } while (--i);
  15   2          value--;
  16   2        }
  17   1      }
*** WARNING C280 IN LINE 7 OF main.c: 'k': unreferenced local variable
  18          
  19          void main(){
  20   1        while(1){
  21   2          P2 = 0xFE;
  22   2          Delayms(100);
  23   2          P2 = 0xFD;
  24   2          Delayms(100);
  25   2        }
  26   1      }


MODULE INFORMATION:   STATIC OVERLAYABLE
   CODE SIZE        =     42    ----
   CONSTANT SIZE    =   ----    ----
   XDATA SIZE       =   ----    ----
   PDATA SIZE       =   ----    ----
   DATA SIZE        =   ----       2
   IDATA SIZE       =   ----    ----
   BIT SIZE         =   ----    ----
END OF MODULE INFORMATION.


C51 COMPILATION COMPLETE.  1 WARNING(S),  0 ERROR(S)
