C51 COMPILER V9.54   MAIN                                                                  03/24/2024 14:32:01 PAGE 1   


C51 COMPILER V9.54, COMPILATION OF MODULE MAIN
OBJECT MODULE PLACED IN .\Objects\main.obj
COMPILER INVOKED BY: C:\Keil_v5\C51\BIN\C51.EXE main.c OPTIMIZE(8,SPEED) BROWSE DEBUG OBJECTEXTEND PRINT(.\Listings\main
                    -.lst) OBJECT(.\Objects\main.obj)

line level    source

   1          #include <REGX52.H>
   2          #include <INTRINS.H>
   3          void Delay1ms(unsigned int value)               //@11.0592MHz
   4          {
   5   1              unsigned char i, j;
   6   1              while(value){
   7   2                      i = 11;
   8   2                      j = 190;
   9   2                      do
  10   2                      {
  11   3                              while (--j);
  12   3                      } while (--i);
  13   2                      value--;
  14   2              }
  15   1      }
  16          
  17          void main(){
  18   1              unsigned char LEDNum = 0;//char is 8bit, 0~255
  19   1              
  20   1              while(1){
  21   2                      if(P3_1 == 0){
  22   3                              Delay1ms(20);
  23   3                              while(P3_1 == 0) ;
  24   3                              Delay1ms(20);
  25   3                              
  26   3                              LEDNum++;
  27   3                              P2 = ~LEDNum;
  28   3                      }
  29   2              }
  30   1      }


MODULE INFORMATION:   STATIC OVERLAYABLE
   CODE SIZE        =     49    ----
   CONSTANT SIZE    =   ----    ----
   XDATA SIZE       =   ----    ----
   PDATA SIZE       =   ----    ----
   DATA SIZE        =   ----    ----
   IDATA SIZE       =   ----    ----
   BIT SIZE         =   ----    ----
END OF MODULE INFORMATION.


C51 COMPILATION COMPLETE.  0 WARNING(S),  0 ERROR(S)
