C51 COMPILER V9.54   MAIN                                                                  03/24/2024 18:32:25 PAGE 1   


C51 COMPILER V9.54, COMPILATION OF MODULE MAIN
OBJECT MODULE PLACED IN .\Objects\main.obj
COMPILER INVOKED BY: C:\Keil_v5\C51\BIN\C51.EXE main.c OPTIMIZE(8,SPEED) BROWSE DEBUG OBJECTEXTEND PRINT(.\Listings\main
                    -.lst) OBJECT(.\Objects\main.obj)

line level    source

   1          #include <REGX52.H>
   2          #include <INTRINS.H>
   3          
   4          void Delay1ms(unsigned int value)               //@11.0592MHz
   5          {
   6   1              unsigned char i, j;
   7   1              while(value){
   8   2                      i = 11;
   9   2                      j = 190;
  10   2                      do
  11   2                      {
  12   3                              while (--j);
  13   3                      } while (--i);
  14   2                      value--;
  15   2              }
  16   1      }
  17          
  18          //array
  19          unsigned char NixieTable[] ={
  20                  0x3f,   //0
  21                  0x06,   //1
  22                  0x5b,   //2
  23                  0x4f,   //3
  24                  0x66,
  25                  0x6d,
  26                  0x7d,
  27                  0x07,
  28                  0x7f,
  29                  0x6f,   //9
  30                  0x77,   //a
  31                  0x7c,   //b
  32                  0x39,
  33                  0x5e,
  34                  0x79,
  35                  0x71,   //f
  36                  0x00    //null
  37          };
  38          
  39          void Nixie(unsigned char Location, Number){
  40   1              switch(Location){
  41   2                      case 1: P2_4=1; P2_3=1; P2_2=1; break;
  42   2                      case 2: P2_4=1; P2_3=1; P2_2=0; break;
  43   2                      case 3: P2_4=1; P2_3=0; P2_2=1; break;
  44   2                      case 4: P2_4=1; P2_3=0; P2_2=0; break;
  45   2                      case 5: P2_4=0; P2_3=1; P2_2=1; break;
  46   2                      case 6: P2_4=0; P2_3=1; P2_2=0; break;
  47   2                      case 7: P2_4=0; P2_3=0; P2_2=1; break;
  48   2                      case 8: P2_4=0; P2_3=0; P2_2=0; break;
  49   2              }
  50   1              
  51   1              P0 = NixieTable[Number];
  52   1      }
  53          
  54          void main(){
C51 COMPILER V9.54   MAIN                                                                  03/24/2024 18:32:25 PAGE 2   

  55   1              unsigned int cnt = 0;
  56   1              while(1){
  57   2                      Nixie(8, cnt);
  58   2                      Delay1ms(100);
  59   2                      if(cnt == 9)
  60   2                              cnt = 0;
  61   2                      else
  62   2                              cnt++;
  63   2              }
  64   1              
  65   1      }


MODULE INFORMATION:   STATIC OVERLAYABLE
   CODE SIZE        =    155    ----
   CONSTANT SIZE    =   ----    ----
   XDATA SIZE       =   ----    ----
   PDATA SIZE       =   ----    ----
   DATA SIZE        =     17    ----
   IDATA SIZE       =   ----    ----
   BIT SIZE         =   ----    ----
END OF MODULE INFORMATION.


C51 COMPILATION COMPLETE.  0 WARNING(S),  0 ERROR(S)
