C51 COMPILER V9.54   MAIN                                                                  03/28/2024 21:08:43 PAGE 1   


C51 COMPILER V9.54, COMPILATION OF MODULE MAIN
OBJECT MODULE PLACED IN .\Objects\main.obj
COMPILER INVOKED BY: C:\Keil_v5\C51\BIN\C51.EXE main.c OPTIMIZE(8,SPEED) BROWSE DEBUG OBJECTEXTEND PRINT(.\Listings\main
                    -.lst) OBJECT(.\Objects\main.obj)

line level    source

   1          #include <REGX52.H>
   2          #include "Timer0.h"
   3          
   4          //void Timer0_Init(){
   5          ////    TMOD = 0x01;    //GATE=0, C/T=0, M1, M0 = 0b0
   6          ////由于TMOD是不可位寻址的，故对TMOD操作会对TIMER1产生影响
   7          ////所以要对TMOD进行与或运算，不能影响其它位
   8          //      
   9          //      TMOD &= 0xF0;   //把TMOD低4bit清零，高4bit不变，timer1不变。
  10          //      TMOD |= 0x01;   //设定timer0模式为mode 1
  11          //      
  12          //      TF0 = 0;        //Timer0 Flag = 0;
  13          //      TR0 = 1;
  14          //      
  15          //      //每隔1us计数+1，总共计时65535us，如何计时1秒？
  16          //      //64535离计数器溢出差值位1000us，即1ms。
  17          ////    TL0 = 64535%256 + 1;    //这个加1很重要   //这是在12M时钟下计算的
  18          ////    TH0 = 64535/256;
  19          //      TL0 = 0x18;
  20          //      TH0 = 0xFC;
  21          //      
  22          //      ET0 = 1;        //Enable timer0
  23          //      EA = 1;         //Enable all
  24          //      PT0 = 0;
  25          //}
  26          
  27          //中断服务函数
  28          
  29          void Timer0_Routine() interrupt 1
  30          {
  31   1              static unsigned int T0Count;
  32   1              
  33   1              //由于计满之后timer0回到0，故需要重新赋值初值。
  34   1              TL0 = 0x66;             //设置定时初值
  35   1              TH0 = 0xFC;             //设置定时初值
  36   1              
  37   1              T0Count++;
  38   1              if(T0Count >= 1000){
  39   2                      T0Count = 0;
  40   2                      P2_0 = ~P2_0;   //DEBUG
  41   2              }
  42   1      }
  43                  
  44          void main(){
  45   1              Timer0Init();
  46   1              
  47   1              while(1){
  48   2              
  49   2              }
  50   1      }
  51          
  52          #endif
*** WARNING C312 IN LINE 52 OF main.c: misplaced endif control

C51 COMPILER V9.54   MAIN                                                                  03/28/2024 21:08:43 PAGE 2   


MODULE INFORMATION:   STATIC OVERLAYABLE
   CODE SIZE        =     45    ----
   CONSTANT SIZE    =   ----    ----
   XDATA SIZE       =   ----    ----
   PDATA SIZE       =   ----    ----
   DATA SIZE        =      2    ----
   IDATA SIZE       =   ----    ----
   BIT SIZE         =   ----    ----
END OF MODULE INFORMATION.


C51 COMPILATION COMPLETE.  1 WARNING(S),  0 ERROR(S)
