C51 COMPILER V9.54   DELAY10US                                                             03/25/2024 21:15:09 PAGE 1   


C51 COMPILER V9.54, COMPILATION OF MODULE DELAY10US
OBJECT MODULE PLACED IN .\Objects\Delay10us.obj
COMPILER INVOKED BY: C:\Keil_v5\C51\BIN\C51.EXE Delay10us.c OPTIMIZE(8,SPEED) BROWSE DEBUG OBJECTEXTEND PRINT(.\Listings
                    -\Delay10us.lst) OBJECT(.\Objects\Delay10us.obj)

line level    source

   1          #include <INTRINS.H>
   2          
   3          void Delay10us(unsigned char value)             //@11.0592MHz
   4          {
   5   1              unsigned char i;
   6   1      
   7   1              while(value){
   8   2                      _nop_();
   9   2                      i = 25;
  10   2                      while (--i);
  11   2                      
  12   2                      value--;
  13   2              }
  14   1      }


MODULE INFORMATION:   STATIC OVERLAYABLE
   CODE SIZE        =     12    ----
   CONSTANT SIZE    =   ----    ----
   XDATA SIZE       =   ----    ----
   PDATA SIZE       =   ----    ----
   DATA SIZE        =   ----    ----
   IDATA SIZE       =   ----    ----
   BIT SIZE         =   ----    ----
END OF MODULE INFORMATION.


C51 COMPILATION COMPLETE.  0 WARNING(S),  0 ERROR(S)
