C51 COMPILER V9.54   MAIN                                                                  03/27/2024 12:19:13 PAGE 1   


C51 COMPILER V9.54, COMPILATION OF MODULE MAIN
OBJECT MODULE PLACED IN .\Objects\main.obj
COMPILER INVOKED BY: C:\Keil_v5\C51\BIN\C51.EXE main.c OPTIMIZE(8,SPEED) BROWSE DEBUG OBJECTEXTEND PRINT(.\Listings\main
                    -.lst) OBJECT(.\Objects\main.obj)

line level    source

   1          #include <REGX52.H>
   2          #include "LCD1602.h"
   3          #include "Delay10us.h"
   4          #include "Delay1ms.h"
   5          
   6          int result;
   7          unsigned int sec = 0;
   8          unsigned int min = 21;
   9          unsigned int hour = 21;
  10          
  11          void main(){
  12   1              result = 1+1;
  13   1              
  14   1              LCD_Init();
  15   1      //      LCD_ShowChar(1, 1, 'A');        //字符用单引号表示
  16   1      
  17   1      //      LCD_ShowString(1, 3, "Hello");  //字符串用双引号表示
  18   1      //      
  19   1      //      LCD_ShowNum(1, 9, result, 3);
  20   1      //      
  21   1      //      LCD_ShowSignedNum(1, 13, -66, 2);
  22   1      //      
  23   1      //      LCD_ShowHexNum(2, 1, 0xA8, 2);
  24   1      //      
  25   1      //      LCD_ShowBinNum(2, 4, 0xAA, 8);
  26   1              
  27   1              while(1){               
  28   2                      sec++;
  29   2                      if(sec >= 60){
  30   3                              sec = 0;
  31   3                              min++;
  32   3                      }
  33   2                      
  34   2                      if(min >= 60){
  35   3                              min = 0;
  36   3                              hour++;
  37   3                      }
  38   2                      
  39   2                      if(hour >= 24)
  40   2                              hour = 0;
  41   2                      
  42   2                      Delay1ms(500);
  43   2                      LCD_ShowNum(1,1, hour, 2);
  44   2                      LCD_ShowChar(1, 3, ':');
  45   2                      
  46   2                      LCD_ShowNum(1,4, min, 2);
  47   2                      LCD_ShowChar(1, 6, ':');
  48   2                      
  49   2                      LCD_ShowNum(1,7, sec, 2);
  50   2              }
  51   1      }


MODULE INFORMATION:   STATIC OVERLAYABLE
C51 COMPILER V9.54   MAIN                                                                  03/27/2024 12:19:13 PAGE 2   

   CODE SIZE        =    149    ----
   CONSTANT SIZE    =   ----    ----
   XDATA SIZE       =   ----    ----
   PDATA SIZE       =   ----    ----
   DATA SIZE        =      8    ----
   IDATA SIZE       =   ----    ----
   BIT SIZE         =   ----    ----
END OF MODULE INFORMATION.


C51 COMPILATION COMPLETE.  0 WARNING(S),  0 ERROR(S)
