C51 COMPILER V9.54   MAIN                                                                  03/24/2024 15:02:54 PAGE 1   


C51 COMPILER V9.54, COMPILATION OF MODULE MAIN
OBJECT MODULE PLACED IN .\Objects\main.obj
COMPILER INVOKED BY: C:\Keil_v5\C51\BIN\C51.EXE main.c OPTIMIZE(8,SPEED) BROWSE DEBUG OBJECTEXTEND PRINT(.\Listings\main
                    -.lst) OBJECT(.\Objects\main.obj)

line level    source

   1          #include <REGX52.H>
   2          #include <INTRINS.H>
   3          
   4          unsigned char LEDNum = 0;
   5          //unsigned int  cnt = 0;
   6          
   7          void Delay1ms(unsigned int value)               //@11.0592MHz
   8          {
   9   1              unsigned char i, j;
  10   1              while(value){
  11   2                      i = 11;
  12   2                      j = 190;
  13   2                      do
  14   2                      {
  15   3                              while (--j);
  16   3                      } while (--i);
  17   2                      value--;
  18   2              }
  19   1      }
  20          
  21          void main(){
  22   1              P2 = ~0x01;
  23   1              while(1){
  24   2                      if(P3_1 == 0){
  25   3                              //Ïû¶¶
  26   3                              Delay1ms(20);
  27   3                              while(P3_1 == 0);
  28   3                              Delay1ms(20);
  29   3                              
  30   3                              LEDNum++;
  31   3                              if(LEDNum >= 8)
  32   3                                      LEDNum = 0;
  33   3                      }
  34   2                      else if(P3_0 == 0){
  35   3                              //Ïû¶¶
  36   3                              Delay1ms(20);
  37   3                              while(P3_0 == 0);
  38   3                              Delay1ms(20);
  39   3                              
  40   3                              if(LEDNum == 0)
  41   3                                      LEDNum = 7;
  42   3                              else
  43   3                                      LEDNum--;
  44   3                      }
  45   2                                                      
  46   2                      P2 = ~(0x01 << LEDNum);
  47   2              }
  48   1      }


MODULE INFORMATION:   STATIC OVERLAYABLE
   CODE SIZE        =     94    ----
   CONSTANT SIZE    =   ----    ----
   XDATA SIZE       =   ----    ----
C51 COMPILER V9.54   MAIN                                                                  03/24/2024 15:02:54 PAGE 2   

   PDATA SIZE       =   ----    ----
   DATA SIZE        =      1    ----
   IDATA SIZE       =   ----    ----
   BIT SIZE         =   ----    ----
END OF MODULE INFORMATION.


C51 COMPILATION COMPLETE.  0 WARNING(S),  0 ERROR(S)
