C51 COMPILER V9.54   MAIN                                                                  03/24/2024 14:20:12 PAGE 1   


C51 COMPILER V9.54, COMPILATION OF MODULE MAIN
OBJECT MODULE PLACED IN .\Objects\main.obj
COMPILER INVOKED BY: C:\Keil_v5\C51\BIN\C51.EXE main.c OPTIMIZE(8,SPEED) BROWSE DEBUG OBJECTEXTEND PRINT(.\Listings\main
                    -.lst) OBJECT(.\Objects\main.obj)

line level    source

   1          #include <REGX52.H>
   2          #include <INTRINS.H>
   3          void Delay1ms(unsigned int value)               //@11.0592MHz
   4          {
   5   1              unsigned char i, j;
   6   1              while(value){
   7   2                      i = 11;
   8   2                      j = 190;
   9   2                      do
  10   2                      {
  11   3                              while (--j);
  12   3                      } while (--i);
  13   2                      value--;
  14   2              }
  15   1      }
  16          
  17          void main(){
  18   1      //      P2 = 0xFE;
  19   1              P2_0 = 1;
  20   1              while(1){
  21   2                      if(P3_1 == 0){//P3_1 is key0s
  22   3                              Delay1ms(20);
  23   3                              while(P3_1 == 0);       //当按下key0，一直执行while循环，直到松手。
  24   3                              Delay1ms(20);
  25   3                              P2_0 = ~P2_0;
  26   3                      }
  27   2              }
  28   1      }


MODULE INFORMATION:   STATIC OVERLAYABLE
   CODE SIZE        =     46    ----
   CONSTANT SIZE    =   ----    ----
   XDATA SIZE       =   ----    ----
   PDATA SIZE       =   ----    ----
   DATA SIZE        =   ----    ----
   IDATA SIZE       =   ----    ----
   BIT SIZE         =   ----    ----
END OF MODULE INFORMATION.


C51 COMPILATION COMPLETE.  0 WARNING(S),  0 ERROR(S)
