C51 COMPILER V9.54   MAIN                                                                  03/31/2024 20:52:36 PAGE 1   


C51 COMPILER V9.54, COMPILATION OF MODULE MAIN
OBJECT MODULE PLACED IN .\Objects\main.obj
COMPILER INVOKED BY: C:\Keil_v5\C51\BIN\C51.EXE main.c OPTIMIZE(8,SPEED) BROWSE DEBUG OBJECTEXTEND PRINT(.\Listings\main
                    -.lst) OBJECT(.\Objects\main.obj)

line level    source

   1          #include <REGX52.H>
   2          #include "Delay1ms.h"
   3          #include "MatrixLED.h"
   4          
   5          //unsigned char Animation[] ={
   6          //0x00,0x00,0x00,0x00,0x00,0x00,0x00,0x00,
   7          //0xFF,0x10,0x10,0x10,0xFF,0x00,0x1E,0x29,0x29,0x29,0x19,0x00,0x00,0xFF,0x01,0x02,
   8          //0x00,0xFF,0x01,0x02,0x00,0x7E,0x81,0x81,0x81,0x7E,0x00,0x00,0xF9,0x00,0x00,0x00,
   9          //0x00,0x00,0x00,0x00,0x00,0x00,0x00,0x00
  10          //};
  11          
  12          //定义code关键字后，可以把数组存到flash中，而非片上的小RAM中。
  13          unsigned char code Animation[] ={
  14          0x00,0x00,0x00,0x00,0x00,0x00,0x00,0x00,
  15          0xFF,0x10,0x10,0x10,0xFF,0x00,0x1E,0x29,0x29,0x29,0x19,0x00,0x00,0xFF,0x01,0x02,
  16          0x00,0xFF,0x01,0x02,0x00,0x7E,0x81,0x81,0x81,0x7E,0x00,0x00,0xF9,0x00,0x00,0x00,
  17          0x00,0x00,0x00,0x00,0x00,0x00,0x00,0x00
  18          };
  19          
  20          void main(){
  21   1              unsigned int i, j, cnt;
  22   1              MatrixLED_Init();
  23   1              while(1){
  24   2                      for(i=0; i<8; i++){
  25   3                              MatrixLED_ShowColumn(i, Animation[j+i]);
  26   3                      }
  27   2                      j++;
  28   2                      if(j>40){
  29   3                              j=0;
  30   3                      }
  31   2              }
  32   1      }
*** WARNING C280 IN LINE 21 OF main.c: 'cnt': unreferenced local variable


MODULE INFORMATION:   STATIC OVERLAYABLE
   CODE SIZE        =     79    ----
   CONSTANT SIZE    =     48    ----
   XDATA SIZE       =   ----    ----
   PDATA SIZE       =   ----    ----
   DATA SIZE        =   ----       6
   IDATA SIZE       =   ----    ----
   BIT SIZE         =   ----    ----
END OF MODULE INFORMATION.


C51 COMPILATION COMPLETE.  1 WARNING(S),  0 ERROR(S)
