C51 COMPILER V9.54   MAIN                                                                  03/30/2024 22:01:42 PAGE 1   


C51 COMPILER V9.54, COMPILATION OF MODULE MAIN
OBJECT MODULE PLACED IN .\Objects\main.obj
COMPILER INVOKED BY: C:\Keil_v5\C51\BIN\C51.EXE main.c OPTIMIZE(8,SPEED) BROWSE DEBUG OBJECTEXTEND PRINT(.\Listings\main
                    -.lst) OBJECT(.\Objects\main.obj)

line level    source

   1          #include <REGX52.H>
   2          #include "Delay1ms.h"
   3          #include "LCD1602.h"
   4          #include "Uart_Init.h"
*** WARNING C280 IN LINE 23 OF Uart_Init.h: 'Byte': unreferenced local variable
   5          
   6          unsigned char Sec = 0;
   7          
   8          void main(){
   9   1              Uart_Init();
  10   1              
  11   1              while(1){
  12   2                      Uart_SendByte(Sec);
  13   2                      Sec++;
  14   2                      Delay1ms(500);
  15   2              }
  16   1      }


MODULE INFORMATION:   STATIC OVERLAYABLE
   CODE SIZE        =     53    ----
   CONSTANT SIZE    =   ----    ----
   XDATA SIZE       =   ----    ----
   PDATA SIZE       =   ----    ----
   DATA SIZE        =      1       1
   IDATA SIZE       =   ----    ----
   BIT SIZE         =   ----    ----
END OF MODULE INFORMATION.


C51 COMPILATION COMPLETE.  1 WARNING(S),  0 ERROR(S)
