C51 COMPILER V9.54   UART_INIT                                                             03/30/2024 21:47:37 PAGE 1   


C51 COMPILER V9.54, COMPILATION OF MODULE UART_INIT
OBJECT MODULE PLACED IN .\Objects\Uart_Init.obj
COMPILER INVOKED BY: C:\Keil_v5\C51\BIN\C51.EXE Uart_Init.c OPTIMIZE(8,SPEED) BROWSE DEBUG OBJECTEXTEND PRINT(.\Listings
                    -\Uart_Init.lst) OBJECT(.\Objects\Uart_Init.obj)

line level    source

   1          #ifndef __UART_INIT_H__
   2          #define __UART_INIT_H__
   3          
   4          void Uart_Init();       //4800bps@11.0592MHz
   5          void Uart_SendByte(unsigned char Byte);
   6          void Uart_RcvByte(unsigned char Byte);
   7          
   8          #endif


MODULE INFORMATION:   STATIC OVERLAYABLE
   CODE SIZE        =   ----    ----
   CONSTANT SIZE    =   ----    ----
   XDATA SIZE       =   ----    ----
   PDATA SIZE       =   ----    ----
   DATA SIZE        =   ----    ----
   IDATA SIZE       =   ----    ----
   BIT SIZE         =   ----    ----
END OF MODULE INFORMATION.


C51 COMPILATION COMPLETE.  0 WARNING(S),  0 ERROR(S)
