C51 COMPILER V9.54   MAIN                                                                  03/30/2024 22:28:34 PAGE 1   


C51 COMPILER V9.54, COMPILATION OF MODULE MAIN
OBJECT MODULE PLACED IN .\Objects\main.obj
COMPILER INVOKED BY: C:\Keil_v5\C51\BIN\C51.EXE main.c OPTIMIZE(8,SPEED) BROWSE DEBUG OBJECTEXTEND PRINT(.\Listings\main
                    -.lst) OBJECT(.\Objects\main.obj)

line level    source

   1          #include <REGX52.H>
   2          #include "Delay1ms.h"
   3          #include "LCD1602.h"
   4          #include "Uart_Init.h"
   5          
   6          unsigned char Sec = 0;
   7          
   8          void main(){
   9   1              Uart_Init();
  10   1              
  11   1              while(1){
  12   2                      
  13   2              }
  14   1      }
  15          
  16          void Uart_Rountine() interrupt 4{
  17   1              if(RI==1){
  18   2                      P2 = SBUF;
  19   2                      RI = 0; //必须用软件复位
  20   2                      Uart_SendByte(SBUF);
  21   2              }
  22   1      }


MODULE INFORMATION:   STATIC OVERLAYABLE
   CODE SIZE        =     74    ----
   CONSTANT SIZE    =   ----    ----
   XDATA SIZE       =   ----    ----
   PDATA SIZE       =   ----    ----
   DATA SIZE        =      1    ----
   IDATA SIZE       =   ----    ----
   BIT SIZE         =   ----    ----
END OF MODULE INFORMATION.


C51 COMPILATION COMPLETE.  0 WARNING(S),  0 ERROR(S)
