C51 COMPILER V9.54   MAIN                                                                  03/30/2024 19:52:43 PAGE 1   


C51 COMPILER V9.54, COMPILATION OF MODULE MAIN
OBJECT MODULE PLACED IN .\Objects\main.obj
COMPILER INVOKED BY: C:\Keil_v5\C51\BIN\C51.EXE main.c OPTIMIZE(8,SPEED) BROWSE DEBUG OBJECTEXTEND PRINT(.\Listings\main
                    -.lst) OBJECT(.\Objects\main.obj)

line level    source

   1          #include <REGX52.H>
   2          #include "Delay1ms.h"
   3          #include "LCD1602.h"
   4          #include "Timer0.h"
   5          
   6          static unsigned char Sec  = 00;
   7          static unsigned char Min  = 53;
   8          static unsigned char Hour = 19;
   9          
  10          void main(){
  11   1              LCD_Init();
  12   1              Timer0Init();
  13   1              
  14   1              LCD_ShowString(1, 1, "Clock:");
  15   1              while(1){
  16   2                      //å› ä¸ºLCD_ShowNumå‡½æ•°æ‰§è¡Œæ—¶é—´æ¯”è¾ƒé•¿ï¼Œè€Œä¸­æ–­å‡½æ•°ä¸­æœ€å¥½ä¸è¦æ‰§è¡Œæ—¶é—´è¿‡é•¿çš„ä»»å
             -Š¡ã€‚
  17   2                      LCD_ShowNum(2, 1, Hour, 2);
  18   2                      LCD_ShowNum(2, 4, Min, 2);
  19   2                      LCD_ShowNum(2, 7, Sec, 2);
  20   2                      LCD_ShowString(2, 1, "  :  :");
  21   2              }
  22   1      }
  23          
  24          //Timer0 Interrupt function
  25          void Timer0_Routine() interrupt 1
  26          {
  27   1              static unsigned int T0Count;
  28   1              TL0 = 0x66;             //set initial value, for 1ms @ 11.0592MhZ
  29   1              TH0 = 0xFC;             //set initial value
  30   1              
  31   1              T0Count++;
  32   1              if(T0Count >= 1000){    //1000ms=1s
  33   2                      T0Count = 0;
  34   2                      Sec++;
  35   2                      if(Sec >= 60){  //ç­‰äºŽ60çš„ä¸€çž¬é—´å°±æ¸…é›¶
  36   3                              Sec = 0;
  37   3                              Min++;
  38   3                              if(Min >= 60){  //ç­‰äºŽ60çš„ä¸€çž¬é—´å°±æ¸…é›¶
  39   4                                      Min = 0;
  40   4                                      Hour++;
  41   4                                      if(Hour >= 24){
  42   5                                              Hour = 0;
  43   5                                      }
  44   4                              }
  45   3                      }
  46   2              }
  47   1      }


MODULE INFORMATION:   STATIC OVERLAYABLE
   CODE SIZE        =    150    ----
   CONSTANT SIZE    =     14    ----
   XDATA SIZE       =   ----    ----
C51 COMPILER V9.54   MAIN                                                                  03/30/2024 19:52:43 PAGE 2   

   PDATA SIZE       =   ----    ----
   DATA SIZE        =      5    ----
   IDATA SIZE       =   ----    ----
   BIT SIZE         =   ----    ----
END OF MODULE INFORMATION.


C51 COMPILATION COMPLETE.  0 WARNING(S),  0 ERROR(S)
