C51 COMPILER V9.54   MAIN                                                                  03/24/2024 21:18:03 PAGE 1   


C51 COMPILER V9.54, COMPILATION OF MODULE MAIN
OBJECT MODULE PLACED IN .\Objects\main.obj
COMPILER INVOKED BY: C:\Keil_v5\C51\BIN\C51.EXE main.c OPTIMIZE(8,SPEED) BROWSE DEBUG OBJECTEXTEND PRINT(.\Listings\main
                    -.lst) OBJECT(.\Objects\main.obj)

line level    source

   1          #include <REGX52.H>
   2          #include <INTRINS.H>
   3          
   4          void Delay1ms(unsigned int value)               //@11.0592MHz
   5          {
   6   1              unsigned char i, j;
   7   1              while(value){
   8   2                      i = 11;
   9   2                      j = 190;
  10   2                      do
  11   2                      {
  12   3                              while (--j);
  13   3                      } while (--i);
  14   2                      value--;
  15   2              }
  16   1      }
  17          
  18          void Delay10us(unsigned char value)             //@11.0592MHz
  19          {
  20   1              unsigned char i;
  21   1      
  22   1              while(value){
  23   2                      _nop_();
  24   2                      i = 25;
  25   2                      while (--i);
  26   2                      
  27   2                      value--;
  28   2              }
  29   1      }
  30          
  31          //array
  32          unsigned char NixieTable[] ={
  33                  0x3f,   //0
  34                  0x06,   //1
  35                  0x5b,   //2
  36                  0x4f,   //3
  37                  0x66,
  38                  0x6d,
  39                  0x7d,
  40                  0x07,
  41                  0x7f,
  42                  0x6f,   //9
  43                  0x77,   //a
  44                  0x7c,   //b
  45                  0x39,
  46                  0x5e,
  47                  0x79,
  48                  0x71,   //f
  49                  0x00    //null
  50          };
  51          
  52          void Nixie(unsigned char Location, Number){
  53   1              switch(Location){
  54   2                      case 1: P2_4=1; P2_3=1; P2_2=1; break;
C51 COMPILER V9.54   MAIN                                                                  03/24/2024 21:18:03 PAGE 2   

  55   2                      case 2: P2_4=1; P2_3=1; P2_2=0; break;
  56   2                      case 3: P2_4=1; P2_3=0; P2_2=1; break;
  57   2                      case 4: P2_4=1; P2_3=0; P2_2=0; break;
  58   2                      case 5: P2_4=0; P2_3=1; P2_2=1; break;
  59   2                      case 6: P2_4=0; P2_3=1; P2_2=0; break;
  60   2                      case 7: P2_4=0; P2_3=0; P2_2=1; break;
  61   2                      case 8: P2_4=0; P2_3=0; P2_2=0; break;
  62   2              }
  63   1              
  64   1              P0 = NixieTable[Number];
  65   1              
  66   1              //消影，段选 位选 段选 位选，这个过程重复，但是在位选到段选的过程中，
  67   1              //位选还没关闭，段选就开始了，导致数码管串位。
  68   1              Delay10us(1);
  69   1              P0 = 0x00;
  70   1      }
  71          
  72          
  73          void main(){
  74   1              unsigned int cnt1 = 1;
  75   1              while(1){
  76   2                      Nixie(cnt1, cnt1);
  77   2                      if(cnt1 == 8)
  78   2                              cnt1 = 0;
  79   2                      else
  80   2                              cnt1++;
  81   2              }
  82   1              
  83   1      }


MODULE INFORMATION:   STATIC OVERLAYABLE
   CODE SIZE        =    169    ----
   CONSTANT SIZE    =   ----    ----
   XDATA SIZE       =   ----    ----
   PDATA SIZE       =   ----    ----
   DATA SIZE        =     17    ----
   IDATA SIZE       =   ----    ----
   BIT SIZE         =   ----    ----
END OF MODULE INFORMATION.


C51 COMPILATION COMPLETE.  0 WARNING(S),  0 ERROR(S)
