C51 COMPILER V9.54   NIXIE                                                                 03/25/2024 20:29:34 PAGE 1   


C51 COMPILER V9.54, COMPILATION OF MODULE NIXIE
OBJECT MODULE PLACED IN .\Objects\Nixie.obj
COMPILER INVOKED BY: C:\Keil_v5\C51\BIN\C51.EXE Nixie.c OPTIMIZE(8,SPEED) BROWSE DEBUG OBJECTEXTEND PRINT(.\Listings\Nix
                    -ie.lst) OBJECT(.\Objects\Nixie.obj)

line level    source

   1          #include <REGX52.H>
   2          #include "Delay10us.h"
   3          
   4          //array
   5          unsigned char NixieTable[] ={
   6                  0x3f,   //0
   7                  0x06,   //1
   8                  0x5b,   //2
   9                  0x4f,   //3
  10                  0x66,
  11                  0x6d,
  12                  0x7d,
  13                  0x07,
  14                  0x7f,
  15                  0x6f,   //9
  16                  0x77,   //a
  17                  0x7c,   //b
  18                  0x39,
  19                  0x5e,
  20                  0x79,
  21                  0x71,   //f
  22                  0x00    //null
  23          };
  24          
  25          
  26          void Nixie(unsigned char Location, Number){
  27   1              switch(Location){
  28   2                      case 1: P2_4=1; P2_3=1; P2_2=1; break;
  29   2                      case 2: P2_4=1; P2_3=1; P2_2=0; break;
  30   2                      case 3: P2_4=1; P2_3=0; P2_2=1; break;
  31   2                      case 4: P2_4=1; P2_3=0; P2_2=0; break;
  32   2                      case 5: P2_4=0; P2_3=1; P2_2=1; break;
  33   2                      case 6: P2_4=0; P2_3=1; P2_2=0; break;
  34   2                      case 7: P2_4=0; P2_3=0; P2_2=1; break;
  35   2                      case 8: P2_4=0; P2_3=0; P2_2=0; break;
  36   2              }
  37   1              
  38   1              P0 = NixieTable[Number];
  39   1              
  40   1              //消影，段选 位选 段选 位选，这个过程重复，但是在位选到段选的过程中，
  41   1              //位选还没关闭，段选就开始了，导致数码管串位。
  42   1              Delay10us(1);
  43   1              P0 = 0x00;
  44   1      }


MODULE INFORMATION:   STATIC OVERLAYABLE
   CODE SIZE        =    107    ----
   CONSTANT SIZE    =   ----    ----
   XDATA SIZE       =   ----    ----
   PDATA SIZE       =   ----    ----
   DATA SIZE        =     17    ----
   IDATA SIZE       =   ----    ----
   BIT SIZE         =   ----    ----
C51 COMPILER V9.54   NIXIE                                                                 03/25/2024 20:29:34 PAGE 2   

END OF MODULE INFORMATION.


C51 COMPILATION COMPLETE.  0 WARNING(S),  0 ERROR(S)
