C51 COMPILER V9.54   MAIN                                                                  03/31/2024 20:07:55 PAGE 1   


C51 COMPILER V9.54, COMPILATION OF MODULE MAIN
OBJECT MODULE PLACED IN .\Objects\main.obj
COMPILER INVOKED BY: C:\Keil_v5\C51\BIN\C51.EXE main.c OPTIMIZE(8,SPEED) BROWSE DEBUG OBJECTEXTEND PRINT(.\Listings\main
                    -.lst) OBJECT(.\Objects\main.obj)

line level    source

   1          #include <REGX52.H>
   2          #include "Delay1ms.h"
   3          sbit RCK = P3^5;        //74HC595 RCLK
   4          sbit SCK = P3^6;        //74HC595 SCLK
   5          sbit SER = P3^4;        //74HC595 SER
   6          
   7          void _74HC595_WriteByte(unsigned char Byte){
   8   1      //      SER = Byte & 0x80;      //由于SER是1bit，Byte & 0x80是8bit，而当(Byte & 0x80)结果为非0时，SER
             -果为1'b1
   9   1              unsigned char i;
  10   1              for(i=0; i<8; i++){
  11   2                      SER = Byte & (0x80 >> i);
  12   2                      SCK = 1;
  13   2                      SCK = 0;
  14   2              }
  15   1              RCK = 1;
  16   1              RCK = 0;
  17   1      }
  18          
  19          void MatrixLED_ShowColumn(unsigned char Column, Data){
  20   1              _74HC595_WriteByte(Data);
  21   1              P0 = ~(0x80 >> Column);
  22   1              Delay1ms(1);
  23   1              P0 = 0xFF;
  24   1              
  25   1      }
  26          
  27          void main(){
  28   1              SCK = 0;        //刚上电时，74HC595的SCLK为高电平，而SCLK的上升沿会寄存SER数据到74HC595中
             -，故需要将其置零。
  29   1              RCK = 0;        //原理同上。RCLK上升沿时会并行输出8位数据。
  30   1              while(1){
  31   2                      MatrixLED_ShowColumn(7, 0xaa);
  32   2              }
  33   1      }


MODULE INFORMATION:   STATIC OVERLAYABLE
   CODE SIZE        =     94    ----
   CONSTANT SIZE    =   ----    ----
   XDATA SIZE       =   ----    ----
   PDATA SIZE       =   ----    ----
   DATA SIZE        =   ----    ----
   IDATA SIZE       =   ----    ----
   BIT SIZE         =   ----    ----
END OF MODULE INFORMATION.


C51 COMPILATION COMPLETE.  0 WARNING(S),  0 ERROR(S)
